<?xml version="1.0"?>
<testsuites>
  <testsuite name="PhantomJS 1.9 (Linux)" package="e2e" timestamp="2014-02-05T08:37:33" id="0" hostname="pc-lme-l.ioceannt.fr" tests="3" errors="0" failures="0" time="0.025">
    <properties>
      <property name="browser.fullName" value="Mozilla/5.0 (Unknown; Linux x86_64) AppleWebKit/534.34 (KHTML, like Gecko) PhantomJS/1.9.0 Safari/534.34"/>
    </properties>
    <testcase name="Compatibility with ng-repeat" time="0.019" classname="e2e PhantomJS 1.9 (Linux).directive selection test"/>
    <testcase name="Collection create with ng-repeat" time="0.003" classname="e2e PhantomJS 1.9 (Linux).directive selection test"/>
    <testcase name="Selected Collection create if don&apos;t specified" time="0.003" classname="e2e PhantomJS 1.9 (Linux).directive selection test"/>
    <system-out><![CDATA[PhantomJS 1.9 (Linux) LOG: [ 'describe', null ]
,PhantomJS 1.9 (Linux) LOG: [ 'describe', null ]
,PhantomJS 1.9 (Linux) LOG: 'item'
,PhantomJS 1.9 (Linux) LOG: 'item'
,PhantomJS 1.9 (Linux) LOG: 'item'
,PhantomJS 1.9 (Linux) LOG: 'item'
,PhantomJS 1.9 (Linux) LOG: [ 'describe', null ]
,PhantomJS 1.9 (Linux) LOG: 'item'
,PhantomJS 1.9 (Linux) LOG: 'item'
,PhantomJS 1.9 (Linux) LOG: 'item'
,PhantomJS 1.9 (Linux) LOG: 'item'
,PhantomJS 1.9 (Linux) LOG: '<!-- ngRepeat: item in list --><li ng-repeat="item in list" selection="listSelected" class="ng-scope ng-isolate-scope"><span ng-class="{\'selected\':$selected}" class="ng-binding">Test1</span></li><!-- end ngRepeat: item in list --><li ng-repeat="item in list" selection="listSelected" class="ng-scope ng-isolate-scope"><span ng-class="{\'selected\':$selected}" class="ng-binding">Test2</span></li><!-- end ngRepeat: item in list --><li ng-repeat="item in list" selection="listSelected" class="ng-scope ng-isolate-scope"><span ng-class="{\'selected\':$selected}" class="ng-binding">Test3</span></li><!-- end ngRepeat: item in list --><li ng-repeat="item in list" selection="listSelected" class="ng-scope ng-isolate-scope"><span ng-class="{\'selected\':$selected}" class="ng-binding">Test4</span></li><!-- end ngRepeat: item in list -->'
,PhantomJS 1.9 (Linux) LOG: [ 'describe', null ]
,PhantomJS 1.9 (Linux) LOG: 'item'
,PhantomJS 1.9 (Linux) LOG: 'item'
,PhantomJS 1.9 (Linux) LOG: 'item'
,PhantomJS 1.9 (Linux) LOG: 'item'
,PhantomJS 1.9 (Linux) LOG: [ 'describe', null ]
,PhantomJS 1.9 (Linux) LOG: 'item'
,PhantomJS 1.9 (Linux) LOG: 'item'
,PhantomJS 1.9 (Linux) LOG: 'item'
,PhantomJS 1.9 (Linux) LOG: 'item'
,PhantomJS 1.9 (Linux) LOG: 'item'
,PhantomJS 1.9 (Linux) LOG: 'item'
,PhantomJS 1.9 (Linux) LOG: 'item'
,PhantomJS 1.9 (Linux) LOG: 'item'
,PhantomJS 1.9 (Linux) LOG: [ 'describe', null ]
,PhantomJS 1.9 (Linux) LOG: 'item'
,PhantomJS 1.9 (Linux) LOG: 'item'
,PhantomJS 1.9 (Linux) LOG: 'item'
,PhantomJS 1.9 (Linux) LOG: 'item'
,PhantomJS 1.9 (Linux) LOG: 'item'
,PhantomJS 1.9 (Linux) LOG: 'item'
,PhantomJS 1.9 (Linux) LOG: 'item'
,PhantomJS 1.9 (Linux) LOG: 'item'
,PhantomJS 1.9 (Linux) LOG: '<!-- ngRepeat: item in list --><li ng-repeat="item in list" selection="listSelected" class="ng-scope ng-isolate-scope"><span ng-class="{\'selected\':$selected}" class="ng-binding">Test1</span></li><!-- end ngRepeat: item in list --><li ng-repeat="item in list" selection="listSelected" class="ng-scope ng-isolate-scope"><span ng-class="{\'selected\':$selected}" class="ng-binding">Test2</span></li><!-- end ngRepeat: item in list --><li ng-repeat="item in list" selection="listSelected" class="ng-scope ng-isolate-scope"><span ng-class="{\'selected\':$selected}" class="ng-binding">Test3</span></li><!-- end ngRepeat: item in list --><li ng-repeat="item in list" selection="listSelected" class="ng-scope ng-isolate-scope"><span ng-class="{\'selected\':$selected}" class="ng-binding">Test4</span></li><!-- end ngRepeat: item in list -->'
,PhantomJS 1.9 (Linux) LOG: [ 'describe', null ]
,PhantomJS 1.9 (Linux) LOG: 'item'
,PhantomJS 1.9 (Linux) LOG: 'item'
,PhantomJS 1.9 (Linux) LOG: 'item'
,PhantomJS 1.9 (Linux) LOG: 'item'
,PhantomJS 1.9 (Linux) LOG: 'item'
,PhantomJS 1.9 (Linux) LOG: 'item'
,PhantomJS 1.9 (Linux) LOG: 'item'
,PhantomJS 1.9 (Linux) LOG: 'item'
,PhantomJS 1.9 (Linux) LOG: null
,PhantomJS 1.9 (Linux) LOG: [ 'describe', null ]
,PhantomJS 1.9 (Linux) LOG: 'item'
,PhantomJS 1.9 (Linux) LOG: 'item'
,PhantomJS 1.9 (Linux) LOG: 'item'
,PhantomJS 1.9 (Linux) LOG: 'item'
,PhantomJS 1.9 (Linux) LOG: 'item'
,PhantomJS 1.9 (Linux) LOG: 'item'
,PhantomJS 1.9 (Linux) LOG: 'item'
,PhantomJS 1.9 (Linux) LOG: 'item'
,PhantomJS 1.9 (Linux) LOG: null
,PhantomJS 1.9 (Linux) LOG: [ 'describe', null ]
,PhantomJS 1.9 (Linux) LOG: 'item'
,PhantomJS 1.9 (Linux) LOG: 'item'
,PhantomJS 1.9 (Linux) LOG: 'item'
,PhantomJS 1.9 (Linux) LOG: 'item'
,PhantomJS 1.9 (Linux) LOG: 'item'
,PhantomJS 1.9 (Linux) LOG: 'item'
,PhantomJS 1.9 (Linux) LOG: 'item'
,PhantomJS 1.9 (Linux) LOG: 'item'
,PhantomJS 1.9 (Linux) LOG: [ 'describe', null ]
,PhantomJS 1.9 (Linux) LOG: 'item'
,PhantomJS 1.9 (Linux) LOG: 'item'
,PhantomJS 1.9 (Linux) LOG: 'item'
,PhantomJS 1.9 (Linux) LOG: 'item'
,PhantomJS 1.9 (Linux) LOG: 'item'
,PhantomJS 1.9 (Linux) LOG: 'item'
,PhantomJS 1.9 (Linux) LOG: 'item'
,PhantomJS 1.9 (Linux) LOG: 'item'
,PhantomJS 1.9 (Linux) LOG: [ 'describe', null ]
,PhantomJS 1.9 (Linux) LOG: 'item'
,PhantomJS 1.9 (Linux) LOG: 'item'
,PhantomJS 1.9 (Linux) LOG: 'item'
,PhantomJS 1.9 (Linux) LOG: 'item'
,PhantomJS 1.9 (Linux) LOG: 'item'
,PhantomJS 1.9 (Linux) LOG: 'item'
,PhantomJS 1.9 (Linux) LOG: 'item'
,PhantomJS 1.9 (Linux) LOG: 'item'
,PhantomJS 1.9 (Linux) LOG: [ 'describe', null ]
,PhantomJS 1.9 (Linux) LOG: 'item'
,PhantomJS 1.9 (Linux) LOG: 'item'
,PhantomJS 1.9 (Linux) LOG: 'item'
,PhantomJS 1.9 (Linux) LOG: 'item'
,PhantomJS 1.9 (Linux) LOG: 'item'
,PhantomJS 1.9 (Linux) LOG: 'item'
,PhantomJS 1.9 (Linux) LOG: 'item'
,PhantomJS 1.9 (Linux) LOG: 'item'
,PhantomJS 1.9 (Linux) LOG: null
,PhantomJS 1.9 (Linux) LOG: [ 'describe', null ]
,PhantomJS 1.9 (Linux) LOG: 'item'
,PhantomJS 1.9 (Linux) LOG: 'item'
,PhantomJS 1.9 (Linux) LOG: 'item'
,PhantomJS 1.9 (Linux) LOG: 'item'
,PhantomJS 1.9 (Linux) LOG: 'item'
,PhantomJS 1.9 (Linux) LOG: 'item'
,PhantomJS 1.9 (Linux) LOG: 'item'
,PhantomJS 1.9 (Linux) LOG: 'item'
,PhantomJS 1.9 (Linux) LOG: {}
,PhantomJS 1.9 (Linux) LOG: [ 'describe', null ]
,PhantomJS 1.9 (Linux) LOG: 'item'
,PhantomJS 1.9 (Linux) LOG: 'item'
,PhantomJS 1.9 (Linux) LOG: 'item'
,PhantomJS 1.9 (Linux) LOG: 'item'
,PhantomJS 1.9 (Linux) LOG: 'item'
,PhantomJS 1.9 (Linux) LOG: 'item'
,PhantomJS 1.9 (Linux) LOG: 'item'
,PhantomJS 1.9 (Linux) LOG: 'item'
,PhantomJS 1.9 (Linux) LOG: null
,PhantomJS 1.9 (Linux) ERROR
	SyntaxError: Parse error
	at /home/IOCEANNT/lmeunier/Travail/AngularJS/selection/test/spec/selectionTest.js:35
,PhantomJS 1.9 (Linux) ERROR
	SyntaxError: Parse error
	at /home/IOCEANNT/lmeunier/Travail/AngularJS/selection/test/spec/selectionTest.js:35
,PhantomJS 1.9 (Linux) LOG: [ 'describe', null ]
,PhantomJS 1.9 (Linux) LOG: 'item'
,PhantomJS 1.9 (Linux) LOG: 'item'
,PhantomJS 1.9 (Linux) LOG: 'item'
,PhantomJS 1.9 (Linux) LOG: 'item'
,PhantomJS 1.9 (Linux) LOG: 'item'
,PhantomJS 1.9 (Linux) LOG: 'item'
,PhantomJS 1.9 (Linux) LOG: 'item'
,PhantomJS 1.9 (Linux) LOG: 'item'
,PhantomJS 1.9 (Linux) ERROR
	SyntaxError: Parse error
	at /home/IOCEANNT/lmeunier/Travail/AngularJS/selection/test/spec/selectionTest.js:35
,PhantomJS 1.9 (Linux) ERROR
	SyntaxError: Parse error
	at /home/IOCEANNT/lmeunier/Travail/AngularJS/selection/test/spec/selectionTest.js:35
,PhantomJS 1.9 (Linux) LOG: [ 'describe', null ]
,PhantomJS 1.9 (Linux) LOG: 'item'
,PhantomJS 1.9 (Linux) LOG: 'item'
,PhantomJS 1.9 (Linux) LOG: 'item'
,PhantomJS 1.9 (Linux) LOG: 'item'
,PhantomJS 1.9 (Linux) LOG: 'item'
,PhantomJS 1.9 (Linux) LOG: 'item'
,PhantomJS 1.9 (Linux) LOG: 'item'
,PhantomJS 1.9 (Linux) LOG: 'item'
,PhantomJS 1.9 (Linux) LOG: null
,PhantomJS 1.9 (Linux) LOG: [ 'describe', null ]
,PhantomJS 1.9 (Linux) LOG: 'item'
,PhantomJS 1.9 (Linux) LOG: 'item'
,PhantomJS 1.9 (Linux) LOG: 'item'
,PhantomJS 1.9 (Linux) LOG: 'item'
,PhantomJS 1.9 (Linux) LOG: 'item'
,PhantomJS 1.9 (Linux) LOG: 'item'
,PhantomJS 1.9 (Linux) LOG: 'item'
,PhantomJS 1.9 (Linux) LOG: 'item'
,PhantomJS 1.9 (Linux) LOG: null
,PhantomJS 1.9 (Linux) LOG: [ 'describe', null ]
,PhantomJS 1.9 (Linux) LOG: 'item'
,PhantomJS 1.9 (Linux) LOG: 'item'
,PhantomJS 1.9 (Linux) LOG: 'item'
,PhantomJS 1.9 (Linux) LOG: 'item'
,PhantomJS 1.9 (Linux) LOG: 'item'
,PhantomJS 1.9 (Linux) LOG: 'item'
,PhantomJS 1.9 (Linux) LOG: 'item'
,PhantomJS 1.9 (Linux) LOG: 'item'
,PhantomJS 1.9 (Linux) LOG: null
,PhantomJS 1.9 (Linux) LOG: [ 'describe', null ]
,PhantomJS 1.9 (Linux) LOG: 'item'
,PhantomJS 1.9 (Linux) LOG: 'item'
,PhantomJS 1.9 (Linux) LOG: 'item'
,PhantomJS 1.9 (Linux) LOG: 'item'
,PhantomJS 1.9 (Linux) LOG: 'item'
,PhantomJS 1.9 (Linux) LOG: 'item'
,PhantomJS 1.9 (Linux) LOG: 'item'
,PhantomJS 1.9 (Linux) LOG: 'item'
,PhantomJS 1.9 (Linux) LOG: null
,PhantomJS 1.9 (Linux) LOG: [ 'describe', null ]
,PhantomJS 1.9 (Linux) LOG: 'item'
,PhantomJS 1.9 (Linux) LOG: 'item'
,PhantomJS 1.9 (Linux) LOG: 'item'
,PhantomJS 1.9 (Linux) LOG: 'item'
,PhantomJS 1.9 (Linux) LOG: 'item'
,PhantomJS 1.9 (Linux) LOG: 'item'
,PhantomJS 1.9 (Linux) LOG: 'item'
,PhantomJS 1.9 (Linux) LOG: 'item'
,PhantomJS 1.9 (Linux) LOG: null
,PhantomJS 1.9 (Linux) LOG: [ 'describe', null ]
,PhantomJS 1.9 (Linux) LOG: 'item'
,PhantomJS 1.9 (Linux) LOG: 'item'
,PhantomJS 1.9 (Linux) LOG: 'item'
,PhantomJS 1.9 (Linux) LOG: 'item'
,PhantomJS 1.9 (Linux) LOG: 'item'
,PhantomJS 1.9 (Linux) LOG: 'item'
,PhantomJS 1.9 (Linux) LOG: 'item'
,PhantomJS 1.9 (Linux) LOG: 'item'
,PhantomJS 1.9 (Linux) LOG: null
,PhantomJS 1.9 (Linux) LOG: [ 'describe', null ]
,PhantomJS 1.9 (Linux) LOG: null
,PhantomJS 1.9 (Linux) LOG: null
,PhantomJS 1.9 (Linux) LOG: [ null, 'jquery' ]
,PhantomJS 1.9 (Linux) LOG: null
,PhantomJS 1.9 (Linux) LOG: '<!-- ngRepeat: item in list --><li ng-repeat="item in list" selection="listSelected" class="ng-scope ng-isolate-scope"><span ng-class="{\'selected\':$selected}" class="ng-binding">Test1</span></li><!-- end ngRepeat: item in list --><li ng-repeat="item in list" selection="listSelected" class="ng-scope ng-isolate-scope"><span ng-class="{\'selected\':$selected}" class="ng-binding">Test2</span></li><!-- end ngRepeat: item in list --><li ng-repeat="item in list" selection="listSelected" class="ng-scope ng-isolate-scope"><span ng-class="{\'selected\':$selected}" class="ng-binding">Test3</span></li><!-- end ngRepeat: item in list --><li ng-repeat="item in list" selection="listSelected" class="ng-scope ng-isolate-scope"><span ng-class="{\'selected\':$selected}" class="ng-binding">Test4</span></li><!-- end ngRepeat: item in list -->'
,PhantomJS 1.9 (Linux) LOG: 1
,PhantomJS 1.9 (Linux) LOG: 4
,PhantomJS 1.9 (Linux) LOG: '<span ng-class="{\'selected\':$selected}" class="ng-binding">Test1</span>'
,PhantomJS 1.9 (Linux) LOG: null
,PhantomJS 1.9 (Linux) LOG: '<span ng-class="{\'selected\':$selected}" class="ng-binding">Test2</span>'
,PhantomJS 1.9 (Linux) LOG: 'object'
,PhantomJS 1.9 (Linux) LOG: 'object'
,PhantomJS 1.9 (Linux) LOG: '<span ng-class="{\'selected\':$selected}" class="ng-binding">Test2</span>'
,PhantomJS 1.9 (Linux) LOG: null
,PhantomJS 1.9 (Linux) LOG: '<span ng-class="{\'selected\':$selected}" class="ng-binding">Test2</span>'
,PhantomJS 1.9 (Linux) LOG: null
,PhantomJS 1.9 (Linux) LOG: '<span ng-class="{\'selected\':$selected}" class="ng-binding">Test2</span>'
,PhantomJS 1.9 (Linux) LOG: [ null, 'click' ]
,PhantomJS 1.9 (Linux) LOG: '<span ng-class="{\'selected\':$selected}" class="ng-binding">Test2</span>'
,PhantomJS 1.9 (Linux) LOG: [ null, 'click' ]
,PhantomJS 1.9 (Linux) LOG: [ null, 'click' ]
,PhantomJS 1.9 (Linux) LOG: null
,PhantomJS 1.9 (Linux) LOG: [ null, 'click' ]
,PhantomJS 1.9 (Linux) LOG: '<!-- ngRepeat: item in list --><li ng-repeat="item in list" selection="listSelected" class="ng-scope ng-isolate-scope"><span ng-class="{\'selected\':$selected}" class="ng-binding">Test1</span></li><!-- end ngRepeat: item in list --><li ng-repeat="item in list" selection="listSelected" class="ng-scope ng-isolate-scope"><span ng-class="{\'selected\':$selected}" class="ng-binding">Test2</span></li><!-- end ngRepeat: item in list --><li ng-repeat="item in list" selection="listSelected" class="ng-scope ng-isolate-scope"><span ng-class="{\'selected\':$selected}" class="ng-binding">Test3</span></li><!-- end ngRepeat: item in list --><li ng-repeat="item in list" selection="listSelected" class="ng-scope ng-isolate-scope"><span ng-class="{\'selected\':$selected}" class="ng-binding">Test4</span></li><!-- end ngRepeat: item in list -->'
,PhantomJS 1.9 (Linux) LOG: [ null, 'click' ]
,PhantomJS 1.9 (Linux) LOG: '<!-- ngRepeat: item in list --><li ng-repeat="item in list" selection="listSelected" class="ng-scope ng-isolate-scope"><span ng-class="{\'selected\':$selected}" class="ng-binding">Test1</span></li><!-- end ngRepeat: item in list --><li ng-repeat="item in list" selection="listSelected" class="ng-scope ng-isolate-scope"><span ng-class="{\'selected\':$selected}" class="ng-binding">Test2</span></li><!-- end ngRepeat: item in list --><li ng-repeat="item in list" selection="listSelected" class="ng-scope ng-isolate-scope"><span ng-class="{\'selected\':$selected}" class="ng-binding">Test3</span></li><!-- end ngRepeat: item in list --><li ng-repeat="item in list" selection="listSelected" class="ng-scope ng-isolate-scope"><span ng-class="{\'selected\':$selected}" class="ng-binding">Test4</span></li><!-- end ngRepeat: item in list -->'
,PhantomJS 1.9 (Linux) LOG: [ null, 'click' ]
,PhantomJS 1.9 (Linux) LOG: [ null, 'click' ]
,PhantomJS 1.9 (Linux) LOG: [ '<!-- ngRepeat: item in list --><li ng-repeat="item in list" selection="listSelected" class="ng-scope ng-isolate-scope"><span ng-class="{\'selected\':$selected}" class="ng-binding">Test1</span></li><!-- end ngRepeat: item in list --><li ng-repeat="item in list" selection="listSelected" class="ng-scope ng-isolate-scope"><span ng-class="{\'selected\':$selected}" class="ng-binding">Test2</span></li><!-- end ngRepeat: item in list --><li ng-repeat="item in list" selection="listSelected" class="ng-scope ng-isolate-scope"><span ng-class="{\'selected\':$selected}" class="ng-binding">Test3</span></li><!-- end ngRepeat: item in list --><li ng-repeat="item in list" selection="listSelected" class="ng-scope ng-isolate-scope"><span ng-class="{\'selected\':$selected}" class="ng-binding">Test4</span></li><!-- end ngRepeat: item in list -->',
  null ]
,PhantomJS 1.9 (Linux) LOG: [ null, 'click' ]
,PhantomJS 1.9 (Linux) LOG: [ 4, null ]
,PhantomJS 1.9 (Linux) LOG: [ null, 'click' ]
,PhantomJS 1.9 (Linux) LOG: [ null, 'click' ]
,PhantomJS 1.9 (Linux) LOG: [ '<span ng-class="{\'selected\':$selected}" class="ng-binding">Test2</span>',
  null ]
,PhantomJS 1.9 (Linux) LOG: [ null, 'click' ]
,PhantomJS 1.9 (Linux) LOG: '<span ng-class="{\'selected\':$selected}" class="ng-binding">Test2</span>'
,PhantomJS 1.9 (Linux) LOG: [ null, 'click' ]
,PhantomJS 1.9 (Linux) LOG: '<span ng-class="{\'selected\':$selected}" class="ng-binding">Test2</span>'
,PhantomJS 1.9 (Linux) LOG: [ '<span ng-class="{\'selected\':$selected}" class="ng-binding">Test3</span>',
  'click' ]
,PhantomJS 1.9 (Linux) LOG: '<span ng-class="{\'selected\':$selected}" class="ng-binding">Test2</span>'
,PhantomJS 1.9 (Linux) LOG: [ '<a ng-class="{\'selected\':$selected}" class="ng-binding">Test3</a>',
  'click' ]
,PhantomJS 1.9 (Linux) LOG: '<a ng-class="{\'selected\':$selected}" class="ng-binding">Test2</a>'
,PhantomJS 1.9 (Linux) LOG: [ null, 'click' ]
,PhantomJS 1.9 (Linux) LOG: '<a ng-class="{\'selected\':$selected}" class="ng-binding">Test2</a>'
,PhantomJS 1.9 (Linux) LOG: [ null, 'click' ]
,PhantomJS 1.9 (Linux) LOG: '<a ng-class="{\'selected\':$selected}" class="ng-binding">Test2</a>'
,PhantomJS 1.9 (Linux) LOG: [ 'Test3', 'click' ]
,PhantomJS 1.9 (Linux) LOG: '<a ng-class="{\'selected\':$selected}" class="ng-binding">Test2</a>'
,PhantomJS 1.9 (Linux) LOG: 'Test3'
,PhantomJS 1.9 (Linux) LOG: 'Test3'
,PhantomJS 1.9 (Linux) LOG: 'Test3'
,PhantomJS 1.9 (Linux) LOG: null
,PhantomJS 1.9 (Linux) LOG: 'Test3'
,PhantomJS 1.9 (Linux) LOG: [ null, 'selectedCollection' ]
,PhantomJS 1.9 (Linux) ERROR
	SyntaxError: Parse error
	at /home/IOCEANNT/lmeunier/Travail/AngularJS/selection/test/spec/selectionTest.js:32
,PhantomJS 1.9 (Linux) ERROR
	SyntaxError: Parse error
	at /home/IOCEANNT/lmeunier/Travail/AngularJS/selection/test/spec/selectionTest.js:32
,PhantomJS 1.9 (Linux) LOG: 'object'
,PhantomJS 1.9 (Linux) LOG: []
,PhantomJS 1.9 (Linux) LOG: 1
,PhantomJS 1.9 (Linux) LOG: 0
,PhantomJS 1.9 (Linux) LOG: 0
,PhantomJS 1.9 (Linux) LOG: 'object'
,PhantomJS 1.9 (Linux) LOG: 0
,PhantomJS 1.9 (Linux) LOG: 'string'
,PhantomJS 1.9 (Linux) LOG: 'object'
,PhantomJS 1.9 (Linux) LOG: 'object'
,PhantomJS 1.9 (Linux) LOG: 'object'
,PhantomJS 1.9 (Linux) LOG: 'object'
,PhantomJS 1.9 (Linux) LOG: 'object'
,PhantomJS 1.9 (Linux) LOG: 'object'
,PhantomJS 1.9 (Linux) LOG: 'object'
,PhantomJS 1.9 (Linux) LOG: 'object'
,PhantomJS 1.9 (Linux) LOG: 'object'
,PhantomJS 1.9 (Linux) LOG: 'boolean'
,PhantomJS 1.9 (Linux) LOG: 'object'
,PhantomJS 1.9 (Linux) LOG: 'object'
,PhantomJS 1.9 (Linux) LOG: 'object'
,PhantomJS 1.9 (Linux) LOG: 'object'
,PhantomJS 1.9 (Linux) LOG: 'object'
,PhantomJS 1.9 (Linux) LOG: 'object'
,PhantomJS 1.9 (Linux) LOG: 0
,PhantomJS 1.9 (Linux) LOG: 'string'
,PhantomJS 1.9 (Linux) LOG: 'object'
,PhantomJS 1.9 (Linux) LOG: 'object'
,PhantomJS 1.9 (Linux) LOG: 'object'
,PhantomJS 1.9 (Linux) LOG: 'object'
,PhantomJS 1.9 (Linux) LOG: 'object'
,PhantomJS 1.9 (Linux) LOG: 'object'
,PhantomJS 1.9 (Linux) LOG: 'object'
,PhantomJS 1.9 (Linux) LOG: 'object'
,PhantomJS 1.9 (Linux) LOG: 'object'
,PhantomJS 1.9 (Linux) LOG: 'boolean'
,PhantomJS 1.9 (Linux) LOG: 'object'
,PhantomJS 1.9 (Linux) LOG: 'object'
,PhantomJS 1.9 (Linux) LOG: 'object'
,PhantomJS 1.9 (Linux) LOG: 'object'
,PhantomJS 1.9 (Linux) LOG: 'object'
,PhantomJS 1.9 (Linux) LOG: 'object'
,PhantomJS 1.9 (Linux) LOG: 0
,PhantomJS 1.9 (Linux) LOG: [ 'string', '$id' ]
,PhantomJS 1.9 (Linux) LOG: [ 'object', '$$childTail' ]
,PhantomJS 1.9 (Linux) LOG: [ 'object', '$$childHead' ]
,PhantomJS 1.9 (Linux) LOG: [ 'object', '$$prevSibling' ]
,PhantomJS 1.9 (Linux) LOG: [ 'object', '$$nextSibling' ]
,PhantomJS 1.9 (Linux) LOG: [ 'object', '$$watchers' ]
,PhantomJS 1.9 (Linux) LOG: [ 'object', '$parent' ]
,PhantomJS 1.9 (Linux) LOG: [ 'object', '$$phase' ]
,PhantomJS 1.9 (Linux) LOG: [ 'object', '$root' ]
,PhantomJS 1.9 (Linux) LOG: [ 'object', 'this' ]
,PhantomJS 1.9 (Linux) LOG: [ 'boolean', '$$destroyed' ]
,PhantomJS 1.9 (Linux) LOG: [ 'object', '$$asyncQueue' ]
,PhantomJS 1.9 (Linux) LOG: [ 'object', '$$postDigestQueue' ]
,PhantomJS 1.9 (Linux) LOG: [ 'object', '$$listeners' ]
,PhantomJS 1.9 (Linux) LOG: [ 'object', '$$listenerCount' ]
,PhantomJS 1.9 (Linux) LOG: [ 'object', '$$isolateBindings' ]
,PhantomJS 1.9 (Linux) LOG: [ 'object', 'list' ]
,PhantomJS 1.9 (Linux) LOG: 0
,PhantomJS 1.9 (Linux) ERROR
	SyntaxError: Parse error
	at /home/IOCEANNT/lmeunier/Travail/AngularJS/selection/test/spec/selectionTest.js:43
,PhantomJS 1.9 (Linux) LOG: [ 'string', '$id' ]
,PhantomJS 1.9 (Linux) LOG: [ 'object', '$$childTail' ]
,PhantomJS 1.9 (Linux) LOG: [ 'object', '$$childHead' ]
,PhantomJS 1.9 (Linux) LOG: [ 'object', '$$prevSibling' ]
,PhantomJS 1.9 (Linux) LOG: [ 'object', '$$nextSibling' ]
,PhantomJS 1.9 (Linux) LOG: [ 'object', '$$watchers' ]
,PhantomJS 1.9 (Linux) LOG: [ 'object', '$parent' ]
,PhantomJS 1.9 (Linux) LOG: [ 'object', '$$phase' ]
,PhantomJS 1.9 (Linux) LOG: [ 'object', '$root' ]
,PhantomJS 1.9 (Linux) LOG: [ 'object', 'this' ]
,PhantomJS 1.9 (Linux) LOG: [ 'boolean', '$$destroyed' ]
,PhantomJS 1.9 (Linux) LOG: [ 'object', '$$asyncQueue' ]
,PhantomJS 1.9 (Linux) LOG: [ 'object', '$$postDigestQueue' ]
,PhantomJS 1.9 (Linux) LOG: [ 'object', '$$listeners' ]
,PhantomJS 1.9 (Linux) LOG: [ 'object', '$$listenerCount' ]
,PhantomJS 1.9 (Linux) LOG: [ 'object', '$$isolateBindings' ]
,PhantomJS 1.9 (Linux) LOG: [ 'object', 'list' ]
,PhantomJS 1.9 (Linux) LOG: [ 'string', '$id' ]
,PhantomJS 1.9 (Linux) LOG: [ 'object', '$$childTail' ]
,PhantomJS 1.9 (Linux) LOG: [ 'object', '$$childHead' ]
,PhantomJS 1.9 (Linux) LOG: [ 'object', '$$prevSibling' ]
,PhantomJS 1.9 (Linux) LOG: [ 'object', '$$nextSibling' ]
,PhantomJS 1.9 (Linux) LOG: [ 'object', '$$watchers' ]
,PhantomJS 1.9 (Linux) LOG: [ 'object', '$parent' ]
,PhantomJS 1.9 (Linux) LOG: [ 'object', '$$phase' ]
,PhantomJS 1.9 (Linux) LOG: [ 'object', '$root' ]
,PhantomJS 1.9 (Linux) LOG: [ 'object', 'this' ]
,PhantomJS 1.9 (Linux) LOG: [ 'boolean', '$$destroyed' ]
,PhantomJS 1.9 (Linux) LOG: [ 'object', '$$asyncQueue' ]
,PhantomJS 1.9 (Linux) LOG: [ 'object', '$$postDigestQueue' ]
,PhantomJS 1.9 (Linux) LOG: [ 'object', '$$listeners' ]
,PhantomJS 1.9 (Linux) LOG: [ 'object', '$$listenerCount' ]
,PhantomJS 1.9 (Linux) LOG: [ 'object', '$$isolateBindings' ]
,PhantomJS 1.9 (Linux) LOG: [ 'undefined', 'selectedCollection' ]
,PhantomJS 1.9 (Linux) LOG: [ 'object', 'collection' ]
,PhantomJS 1.9 (Linux) LOG: [ 'string', '$id' ]
,PhantomJS 1.9 (Linux) LOG: [ 'object', '$$childTail' ]
,PhantomJS 1.9 (Linux) LOG: [ 'object', '$$childHead' ]
,PhantomJS 1.9 (Linux) LOG: [ 'object', '$$prevSibling' ]
,PhantomJS 1.9 (Linux) LOG: [ 'object', '$$nextSibling' ]
,PhantomJS 1.9 (Linux) LOG: [ 'object', '$$watchers' ]
,PhantomJS 1.9 (Linux) LOG: [ 'object', '$parent' ]
,PhantomJS 1.9 (Linux) LOG: [ 'object', '$$phase' ]
,PhantomJS 1.9 (Linux) LOG: [ 'object', '$root' ]
,PhantomJS 1.9 (Linux) LOG: [ 'object', 'this' ]
,PhantomJS 1.9 (Linux) LOG: [ 'boolean', '$$destroyed' ]
,PhantomJS 1.9 (Linux) LOG: [ 'object', '$$asyncQueue' ]
,PhantomJS 1.9 (Linux) LOG: [ 'object', '$$postDigestQueue' ]
,PhantomJS 1.9 (Linux) LOG: [ 'object', '$$listeners' ]
,PhantomJS 1.9 (Linux) LOG: [ 'object', '$$listenerCount' ]
,PhantomJS 1.9 (Linux) LOG: [ 'object', '$$isolateBindings' ]
,PhantomJS 1.9 (Linux) LOG: [ 'undefined', 'selectedCollection' ]
,PhantomJS 1.9 (Linux) LOG: [ 'object', 'collection' ]
,PhantomJS 1.9 (Linux) LOG: [ 'string', '$id' ]
,PhantomJS 1.9 (Linux) LOG: [ 'object', '$$childTail' ]
,PhantomJS 1.9 (Linux) LOG: [ 'object', '$$childHead' ]
,PhantomJS 1.9 (Linux) LOG: [ 'object', '$$prevSibling' ]
,PhantomJS 1.9 (Linux) LOG: [ 'object', '$$nextSibling' ]
,PhantomJS 1.9 (Linux) LOG: [ 'object', '$$watchers' ]
,PhantomJS 1.9 (Linux) LOG: [ 'object', '$parent' ]
,PhantomJS 1.9 (Linux) LOG: [ 'object', '$$phase' ]
,PhantomJS 1.9 (Linux) LOG: [ 'object', '$root' ]
,PhantomJS 1.9 (Linux) LOG: [ 'object', 'this' ]
,PhantomJS 1.9 (Linux) LOG: [ 'boolean', '$$destroyed' ]
,PhantomJS 1.9 (Linux) LOG: [ 'object', '$$asyncQueue' ]
,PhantomJS 1.9 (Linux) LOG: [ 'object', '$$postDigestQueue' ]
,PhantomJS 1.9 (Linux) LOG: [ 'object', '$$listeners' ]
,PhantomJS 1.9 (Linux) LOG: [ 'object', '$$listenerCount' ]
,PhantomJS 1.9 (Linux) LOG: [ 'object', '$$isolateBindings' ]
,PhantomJS 1.9 (Linux) LOG: [ 'undefined', 'selectedCollection' ]
,PhantomJS 1.9 (Linux) LOG: [ 'object', 'collection' ]
,PhantomJS 1.9 (Linux) LOG: [ 'string', '$id' ]
,PhantomJS 1.9 (Linux) LOG: [ 'object', '$$childTail' ]
,PhantomJS 1.9 (Linux) LOG: [ 'object', '$$childHead' ]
,PhantomJS 1.9 (Linux) LOG: [ 'object', '$$prevSibling' ]
,PhantomJS 1.9 (Linux) LOG: [ 'object', '$$nextSibling' ]
,PhantomJS 1.9 (Linux) LOG: [ 'object', '$$watchers' ]
,PhantomJS 1.9 (Linux) LOG: [ 'object', '$parent' ]
,PhantomJS 1.9 (Linux) LOG: [ 'object', '$$phase' ]
,PhantomJS 1.9 (Linux) LOG: [ 'object', '$root' ]
,PhantomJS 1.9 (Linux) LOG: [ 'object', 'this' ]
,PhantomJS 1.9 (Linux) LOG: [ 'boolean', '$$destroyed' ]
,PhantomJS 1.9 (Linux) LOG: [ 'object', '$$asyncQueue' ]
,PhantomJS 1.9 (Linux) LOG: [ 'object', '$$postDigestQueue' ]
,PhantomJS 1.9 (Linux) LOG: [ 'object', '$$listeners' ]
,PhantomJS 1.9 (Linux) LOG: [ 'object', '$$listenerCount' ]
,PhantomJS 1.9 (Linux) LOG: [ 'object', '$$isolateBindings' ]
,PhantomJS 1.9 (Linux) LOG: [ 'undefined', 'selectedCollection' ]
,PhantomJS 1.9 (Linux) LOG: [ 'object', 'collection' ]
,PhantomJS 1.9 (Linux) LOG: [ 'string', '$id' ]
,PhantomJS 1.9 (Linux) LOG: [ 'object', '$$childTail' ]
,PhantomJS 1.9 (Linux) LOG: [ 'object', '$$childHead' ]
,PhantomJS 1.9 (Linux) LOG: [ 'object', '$$prevSibling' ]
,PhantomJS 1.9 (Linux) LOG: [ 'object', '$$nextSibling' ]
,PhantomJS 1.9 (Linux) LOG: [ 'object', '$$watchers' ]
,PhantomJS 1.9 (Linux) LOG: [ 'object', '$parent' ]
,PhantomJS 1.9 (Linux) LOG: [ 'object', '$$phase' ]
,PhantomJS 1.9 (Linux) LOG: [ 'object', '$root' ]
,PhantomJS 1.9 (Linux) LOG: [ 'object', 'this' ]
,PhantomJS 1.9 (Linux) LOG: [ 'boolean', '$$destroyed' ]
,PhantomJS 1.9 (Linux) LOG: [ 'object', '$$asyncQueue' ]
,PhantomJS 1.9 (Linux) LOG: [ 'object', '$$postDigestQueue' ]
,PhantomJS 1.9 (Linux) LOG: [ 'object', '$$listeners' ]
,PhantomJS 1.9 (Linux) LOG: [ 'object', '$$listenerCount' ]
,PhantomJS 1.9 (Linux) LOG: [ 'object', '$$isolateBindings' ]
,PhantomJS 1.9 (Linux) LOG: [ 'object', 'selectedCollection' ]
,PhantomJS 1.9 (Linux) LOG: [ 'object', 'collection' ]
,PhantomJS 1.9 (Linux) LOG: [ 'string', '$id' ]
,PhantomJS 1.9 (Linux) LOG: [ 'object', '$$childTail' ]
,PhantomJS 1.9 (Linux) LOG: [ 'object', '$$childHead' ]
,PhantomJS 1.9 (Linux) LOG: [ 'object', '$$prevSibling' ]
,PhantomJS 1.9 (Linux) LOG: [ 'object', '$$nextSibling' ]
,PhantomJS 1.9 (Linux) LOG: [ 'object', '$$watchers' ]
,PhantomJS 1.9 (Linux) LOG: [ 'object', '$parent' ]
,PhantomJS 1.9 (Linux) LOG: [ 'object', '$$phase' ]
,PhantomJS 1.9 (Linux) LOG: [ 'object', '$root' ]
,PhantomJS 1.9 (Linux) LOG: [ 'object', 'this' ]
,PhantomJS 1.9 (Linux) LOG: [ 'boolean', '$$destroyed' ]
,PhantomJS 1.9 (Linux) LOG: [ 'object', '$$asyncQueue' ]
,PhantomJS 1.9 (Linux) LOG: [ 'object', '$$postDigestQueue' ]
,PhantomJS 1.9 (Linux) LOG: [ 'object', '$$listeners' ]
,PhantomJS 1.9 (Linux) LOG: [ 'object', '$$listenerCount' ]
,PhantomJS 1.9 (Linux) LOG: [ 'object', '$$isolateBindings' ]
,PhantomJS 1.9 (Linux) LOG: [ 'object', 'selectedCollection' ]
,PhantomJS 1.9 (Linux) LOG: [ 'object', 'collection' ]
,PhantomJS 1.9 (Linux) LOG: [ 'string', '$id' ]
,PhantomJS 1.9 (Linux) LOG: [ 'object', '$$childTail' ]
,PhantomJS 1.9 (Linux) LOG: [ 'object', '$$childHead' ]
,PhantomJS 1.9 (Linux) LOG: [ 'object', '$$prevSibling' ]
,PhantomJS 1.9 (Linux) LOG: [ 'object', '$$nextSibling' ]
,PhantomJS 1.9 (Linux) LOG: [ 'object', '$$watchers' ]
,PhantomJS 1.9 (Linux) LOG: [ 'object', '$parent' ]
,PhantomJS 1.9 (Linux) LOG: [ 'object', '$$phase' ]
,PhantomJS 1.9 (Linux) LOG: [ 'object', '$root' ]
,PhantomJS 1.9 (Linux) LOG: [ 'object', 'this' ]
,PhantomJS 1.9 (Linux) LOG: [ 'boolean', '$$destroyed' ]
,PhantomJS 1.9 (Linux) LOG: [ 'object', '$$asyncQueue' ]
,PhantomJS 1.9 (Linux) LOG: [ 'object', '$$postDigestQueue' ]
,PhantomJS 1.9 (Linux) LOG: [ 'object', '$$listeners' ]
,PhantomJS 1.9 (Linux) LOG: [ 'object', '$$listenerCount' ]
,PhantomJS 1.9 (Linux) LOG: [ 'object', '$$isolateBindings' ]
,PhantomJS 1.9 (Linux) LOG: [ 'object', 'selectedCollection' ]
,PhantomJS 1.9 (Linux) LOG: [ 'object', 'collection' ]
,PhantomJS 1.9 (Linux) LOG: [ 'string', '$id' ]
,PhantomJS 1.9 (Linux) LOG: [ 'object', '$$childTail' ]
,PhantomJS 1.9 (Linux) LOG: [ 'object', '$$childHead' ]
,PhantomJS 1.9 (Linux) LOG: [ 'object', '$$prevSibling' ]
,PhantomJS 1.9 (Linux) LOG: [ 'object', '$$nextSibling' ]
,PhantomJS 1.9 (Linux) LOG: [ 'object', '$$watchers' ]
,PhantomJS 1.9 (Linux) LOG: [ 'object', '$parent' ]
,PhantomJS 1.9 (Linux) LOG: [ 'object', '$$phase' ]
,PhantomJS 1.9 (Linux) LOG: [ 'object', '$root' ]
,PhantomJS 1.9 (Linux) LOG: [ 'object', 'this' ]
,PhantomJS 1.9 (Linux) LOG: [ 'boolean', '$$destroyed' ]
,PhantomJS 1.9 (Linux) LOG: [ 'object', '$$asyncQueue' ]
,PhantomJS 1.9 (Linux) LOG: [ 'object', '$$postDigestQueue' ]
,PhantomJS 1.9 (Linux) LOG: [ 'object', '$$listeners' ]
,PhantomJS 1.9 (Linux) LOG: [ 'object', '$$listenerCount' ]
,PhantomJS 1.9 (Linux) LOG: [ 'object', '$$isolateBindings' ]
,PhantomJS 1.9 (Linux) LOG: [ 'object', 'selectedCollection' ]
,PhantomJS 1.9 (Linux) LOG: [ 'object', 'collection' ]
,PhantomJS 1.9 (Linux) LOG: [ 'string', '$id' ]
,PhantomJS 1.9 (Linux) LOG: [ 'object', '$$childTail' ]
,PhantomJS 1.9 (Linux) LOG: [ 'object', '$$childHead' ]
,PhantomJS 1.9 (Linux) LOG: [ 'object', '$$prevSibling' ]
,PhantomJS 1.9 (Linux) LOG: [ 'object', '$$nextSibling' ]
,PhantomJS 1.9 (Linux) LOG: [ 'object', '$$watchers' ]
,PhantomJS 1.9 (Linux) LOG: [ 'object', '$parent' ]
,PhantomJS 1.9 (Linux) LOG: [ 'object', '$$phase' ]
,PhantomJS 1.9 (Linux) LOG: [ 'object', '$root' ]
,PhantomJS 1.9 (Linux) LOG: [ 'object', 'this' ]
,PhantomJS 1.9 (Linux) LOG: [ 'boolean', '$$destroyed' ]
,PhantomJS 1.9 (Linux) LOG: [ 'object', '$$asyncQueue' ]
,PhantomJS 1.9 (Linux) LOG: [ 'object', '$$postDigestQueue' ]
,PhantomJS 1.9 (Linux) LOG: [ 'object', '$$listeners' ]
,PhantomJS 1.9 (Linux) LOG: [ 'object', '$$listenerCount' ]
,PhantomJS 1.9 (Linux) LOG: [ 'object', '$$isolateBindings' ]
,PhantomJS 1.9 (Linux) LOG: [ 'object', 'selectedCollection' ]
,PhantomJS 1.9 (Linux) LOG: [ 'object', 'collection' ]
,PhantomJS 1.9 (Linux) LOG: [ 'string', '$id' ]
,PhantomJS 1.9 (Linux) LOG: [ 'object', '$$childTail' ]
,PhantomJS 1.9 (Linux) LOG: [ 'object', '$$childHead' ]
,PhantomJS 1.9 (Linux) LOG: [ 'object', '$$prevSibling' ]
,PhantomJS 1.9 (Linux) LOG: [ 'object', '$$nextSibling' ]
,PhantomJS 1.9 (Linux) LOG: [ 'object', '$$watchers' ]
,PhantomJS 1.9 (Linux) LOG: [ 'object', '$parent' ]
,PhantomJS 1.9 (Linux) LOG: [ 'object', '$$phase' ]
,PhantomJS 1.9 (Linux) LOG: [ 'object', '$root' ]
,PhantomJS 1.9 (Linux) LOG: [ 'object', 'this' ]
,PhantomJS 1.9 (Linux) LOG: [ 'boolean', '$$destroyed' ]
,PhantomJS 1.9 (Linux) LOG: [ 'object', '$$asyncQueue' ]
,PhantomJS 1.9 (Linux) LOG: [ 'object', '$$postDigestQueue' ]
,PhantomJS 1.9 (Linux) LOG: [ 'object', '$$listeners' ]
,PhantomJS 1.9 (Linux) LOG: [ 'object', '$$listenerCount' ]
,PhantomJS 1.9 (Linux) LOG: [ 'object', '$$isolateBindings' ]
,PhantomJS 1.9 (Linux) LOG: [ 'object', 'selectedCollection' ]
,PhantomJS 1.9 (Linux) LOG: [ 'object', 'collection' ]
,PhantomJS 1.9 (Linux) LOG: [ 'Test1', 'Test2', 'Test3', 'Test4' ]
,PhantomJS 1.9 (Linux) LOG: [ 'Test1', 'Test2', 'Test3', 'Test4' ]
,PhantomJS 1.9 (Linux) LOG: [ 'Test1', 'Test2', 'Test3', 'Test4' ]
,PhantomJS 1.9 (Linux) LOG: [ 'Test1', 'Test2', 'Test3', 'Test4' ]
,PhantomJS 1.9 (Linux) LOG: [ 'Test1', 'Test2', 'Test3', 'Test4' ]
,PhantomJS 1.9 (Linux) LOG: [ 'Test1', 'Test2', 'Test3', 'Test4' ]
,PhantomJS 1.9 (Linux) LOG: [ 'Test1', 'Test2', 'Test3', 'Test4' ]
,PhantomJS 1.9 (Linux) LOG: [ 'Test1', 'Test2', 'Test3', 'Test4' ]
,PhantomJS 1.9 (Linux) LOG: [ 'string', '$id' ]
,PhantomJS 1.9 (Linux) LOG: [ 'object', '$$childTail' ]
,PhantomJS 1.9 (Linux) LOG: [ 'object', '$$childHead' ]
,PhantomJS 1.9 (Linux) LOG: [ 'object', '$$prevSibling' ]
,PhantomJS 1.9 (Linux) LOG: [ 'object', '$$nextSibling' ]
,PhantomJS 1.9 (Linux) LOG: [ 'object', '$$watchers' ]
,PhantomJS 1.9 (Linux) LOG: [ 'object', '$parent' ]
,PhantomJS 1.9 (Linux) LOG: [ 'object', '$$phase' ]
,PhantomJS 1.9 (Linux) LOG: [ 'object', '$root' ]
,PhantomJS 1.9 (Linux) LOG: [ 'object', 'this' ]
,PhantomJS 1.9 (Linux) LOG: [ 'boolean', '$$destroyed' ]
,PhantomJS 1.9 (Linux) LOG: [ 'object', '$$asyncQueue' ]
,PhantomJS 1.9 (Linux) LOG: [ 'object', '$$postDigestQueue' ]
,PhantomJS 1.9 (Linux) LOG: [ 'object', '$$listeners' ]
,PhantomJS 1.9 (Linux) LOG: [ 'object', '$$listenerCount' ]
,PhantomJS 1.9 (Linux) LOG: [ 'object', '$$isolateBindings' ]
,PhantomJS 1.9 (Linux) LOG: [ 'object', 'selectedCollection' ]
,PhantomJS 1.9 (Linux) LOG: [ 'object', 'collection' ]
,PhantomJS 1.9 (Linux) LOG: [ 'Test1', 'Test2', 'Test3', 'Test4' ]
,PhantomJS 1.9 (Linux) LOG: [ 'Test1', 'Test2', 'Test3', 'Test4' ]
,PhantomJS 1.9 (Linux) LOG: [ 'Test1', 'Test2', 'Test3', 'Test4' ]
,PhantomJS 1.9 (Linux) LOG: [ 'Test1', 'Test2', 'Test3', 'Test4' ]
,PhantomJS 1.9 (Linux) LOG: [ 'Test1', 'Test2', 'Test3', 'Test4' ]
,PhantomJS 1.9 (Linux) LOG: [ 'Test1', 'Test2', 'Test3', 'Test4' ]
,PhantomJS 1.9 (Linux) LOG: [ 'Test1', 'Test2', 'Test3', 'Test4' ]
,PhantomJS 1.9 (Linux) LOG: [ 'Test1', 'Test2', 'Test3', 'Test4' ]
,PhantomJS 1.9 (Linux) LOG: [ 'Test1', 'Test2', 'Test3', 'Test4' ]
,PhantomJS 1.9 (Linux) LOG: [ 'Test1', 'Test2', 'Test3', 'Test4' ]
,PhantomJS 1.9 (Linux) LOG: [ 'string', '$id' ]
,PhantomJS 1.9 (Linux) LOG: [ 'object', '$$childTail' ]
,PhantomJS 1.9 (Linux) LOG: [ 'object', '$$childHead' ]
,PhantomJS 1.9 (Linux) LOG: [ 'object', '$$prevSibling' ]
,PhantomJS 1.9 (Linux) LOG: [ 'object', '$$nextSibling' ]
,PhantomJS 1.9 (Linux) LOG: [ 'object', '$$watchers' ]
,PhantomJS 1.9 (Linux) LOG: [ 'object', '$parent' ]
,PhantomJS 1.9 (Linux) LOG: [ 'object', '$$phase' ]
,PhantomJS 1.9 (Linux) LOG: [ 'object', '$root' ]
,PhantomJS 1.9 (Linux) LOG: [ 'object', 'this' ]
,PhantomJS 1.9 (Linux) LOG: [ 'boolean', '$$destroyed' ]
,PhantomJS 1.9 (Linux) LOG: [ 'object', '$$asyncQueue' ]
,PhantomJS 1.9 (Linux) LOG: [ 'object', '$$postDigestQueue' ]
,PhantomJS 1.9 (Linux) LOG: [ 'object', '$$listeners' ]
,PhantomJS 1.9 (Linux) LOG: [ 'object', '$$listenerCount' ]
,PhantomJS 1.9 (Linux) LOG: [ 'object', '$$isolateBindings' ]
,PhantomJS 1.9 (Linux) LOG: [ 'object', 'selectedCollection' ]
,PhantomJS 1.9 (Linux) LOG: [ 'object', 'collection' ]
,PhantomJS 1.9 (Linux) LOG: [ 'Test1', 'Test2', 'Test3', 'Test4' ]
,PhantomJS 1.9 (Linux) LOG: [ 'Test1', 'Test2', 'Test3', 'Test4' ]
,PhantomJS 1.9 (Linux) LOG: [ 'Test1', 'Test2', 'Test3', 'Test4' ]
,PhantomJS 1.9 (Linux) LOG: [ 'Test1', 'Test2', 'Test3', 'Test4' ]
,PhantomJS 1.9 (Linux) LOG: [ 'Test1', 'Test2', 'Test3', 'Test4' ]
,PhantomJS 1.9 (Linux) LOG: [ 'Test1', 'Test2', 'Test3', 'Test4' ]
,PhantomJS 1.9 (Linux) LOG: [ 'Test1', 'Test2', 'Test3', 'Test4' ]
,PhantomJS 1.9 (Linux) LOG: [ 'Test1', 'Test2', 'Test3', 'Test4' ]
,PhantomJS 1.9 (Linux) LOG: [ 'string', '$id' ]
,PhantomJS 1.9 (Linux) LOG: [ 'object', '$$childTail' ]
,PhantomJS 1.9 (Linux) LOG: [ 'object', '$$childHead' ]
,PhantomJS 1.9 (Linux) LOG: [ 'object', '$$prevSibling' ]
,PhantomJS 1.9 (Linux) LOG: [ 'object', '$$nextSibling' ]
,PhantomJS 1.9 (Linux) LOG: [ 'object', '$$watchers' ]
,PhantomJS 1.9 (Linux) LOG: [ 'object', '$parent' ]
,PhantomJS 1.9 (Linux) LOG: [ 'object', '$$phase' ]
,PhantomJS 1.9 (Linux) LOG: [ 'object', '$root' ]
,PhantomJS 1.9 (Linux) LOG: [ 'object', 'this' ]
,PhantomJS 1.9 (Linux) LOG: [ 'boolean', '$$destroyed' ]
,PhantomJS 1.9 (Linux) LOG: [ 'object', '$$asyncQueue' ]
,PhantomJS 1.9 (Linux) LOG: [ 'object', '$$postDigestQueue' ]
,PhantomJS 1.9 (Linux) LOG: [ 'object', '$$listeners' ]
,PhantomJS 1.9 (Linux) LOG: [ 'object', '$$listenerCount' ]
,PhantomJS 1.9 (Linux) LOG: [ 'object', '$$isolateBindings' ]
,PhantomJS 1.9 (Linux) LOG: [ 'object', 'selectedCollection' ]
,PhantomJS 1.9 (Linux) LOG: [ 'object', 'collection' ]
,PhantomJS 1.9 (Linux) LOG: [ 'Test1', 'Test2', 'Test3', 'Test4' ]
,PhantomJS 1.9 (Linux) LOG: [ 'Test1', 'Test2', 'Test3', 'Test4' ]
,PhantomJS 1.9 (Linux) LOG: [ 'Test1', 'Test2', 'Test3', 'Test4' ]
,PhantomJS 1.9 (Linux) LOG: [ 'Test1', 'Test2', 'Test3', 'Test4' ]
,PhantomJS 1.9 (Linux) LOG: [ 'Test1', 'Test2', 'Test3', 'Test4' ]
,PhantomJS 1.9 (Linux) LOG: [ 'Test1', 'Test2', 'Test3', 'Test4' ]
,PhantomJS 1.9 (Linux) LOG: [ 'Test1', 'Test2', 'Test3', 'Test4' ]
,PhantomJS 1.9 (Linux) LOG: [ 'Test1', 'Test2', 'Test3', 'Test4' ]
,PhantomJS 1.9 (Linux) LOG: [ 'string', '$id' ]
,PhantomJS 1.9 (Linux) LOG: [ 'object', '$$childTail' ]
,PhantomJS 1.9 (Linux) LOG: [ 'object', '$$childHead' ]
,PhantomJS 1.9 (Linux) LOG: [ 'object', '$$prevSibling' ]
,PhantomJS 1.9 (Linux) LOG: [ 'object', '$$nextSibling' ]
,PhantomJS 1.9 (Linux) LOG: [ 'object', '$$watchers' ]
,PhantomJS 1.9 (Linux) LOG: [ 'object', '$parent' ]
,PhantomJS 1.9 (Linux) LOG: [ 'object', '$$phase' ]
,PhantomJS 1.9 (Linux) LOG: [ 'object', '$root' ]
,PhantomJS 1.9 (Linux) LOG: [ 'object', 'this' ]
,PhantomJS 1.9 (Linux) LOG: [ 'boolean', '$$destroyed' ]
,PhantomJS 1.9 (Linux) LOG: [ 'object', '$$asyncQueue' ]
,PhantomJS 1.9 (Linux) LOG: [ 'object', '$$postDigestQueue' ]
,PhantomJS 1.9 (Linux) LOG: [ 'object', '$$listeners' ]
,PhantomJS 1.9 (Linux) LOG: [ 'object', '$$listenerCount' ]
,PhantomJS 1.9 (Linux) LOG: [ 'object', '$$isolateBindings' ]
,PhantomJS 1.9 (Linux) LOG: [ 'object', 'selectedCollection' ]
,PhantomJS 1.9 (Linux) LOG: [ 'object', 'collection' ]
,PhantomJS 1.9 (Linux) LOG: [ 'Test1', 'Test2', 'Test3', 'Test4' ]
,PhantomJS 1.9 (Linux) LOG: [ [], 'change in scope' ]
,PhantomJS 1.9 (Linux) LOG: [ 'Test1', 'Test2', 'Test3', 'Test4' ]
,PhantomJS 1.9 (Linux) LOG: [ [], 'change in scope' ]
,PhantomJS 1.9 (Linux) LOG: [ 'Test1', 'Test2', 'Test3', 'Test4' ]
,PhantomJS 1.9 (Linux) LOG: [ [], 'change in scope' ]
,PhantomJS 1.9 (Linux) LOG: [ 'Test1', 'Test2', 'Test3', 'Test4' ]
,PhantomJS 1.9 (Linux) LOG: [ [], 'change in scope' ]
,PhantomJS 1.9 (Linux) LOG: [ 'Test1', 'Test2', 'Test3', 'Test4' ]
,PhantomJS 1.9 (Linux) LOG: [ [], 'change in scope' ]
,PhantomJS 1.9 (Linux) LOG: [ 'Test1', 'Test2', 'Test3', 'Test4' ]
,PhantomJS 1.9 (Linux) LOG: [ [], 'change in scope' ]
,PhantomJS 1.9 (Linux) LOG: [ 'Test1', 'Test2', 'Test3', 'Test4' ]
,PhantomJS 1.9 (Linux) LOG: [ [], 'change in scope' ]
,PhantomJS 1.9 (Linux) LOG: [ 'Test1', 'Test2', 'Test3', 'Test4' ]
,PhantomJS 1.9 (Linux) LOG: [ [], 'change in scope' ]
,PhantomJS 1.9 (Linux) LOG: [ 'string', '$id' ]
,PhantomJS 1.9 (Linux) LOG: [ 'object', '$$childTail' ]
,PhantomJS 1.9 (Linux) LOG: [ 'object', '$$childHead' ]
,PhantomJS 1.9 (Linux) LOG: [ 'object', '$$prevSibling' ]
,PhantomJS 1.9 (Linux) LOG: [ 'object', '$$nextSibling' ]
,PhantomJS 1.9 (Linux) LOG: [ 'object', '$$watchers' ]
,PhantomJS 1.9 (Linux) LOG: [ 'object', '$parent' ]
,PhantomJS 1.9 (Linux) LOG: [ 'object', '$$phase' ]
,PhantomJS 1.9 (Linux) LOG: [ 'object', '$root' ]
,PhantomJS 1.9 (Linux) LOG: [ 'object', 'this' ]
,PhantomJS 1.9 (Linux) LOG: [ 'boolean', '$$destroyed' ]
,PhantomJS 1.9 (Linux) LOG: [ 'object', '$$asyncQueue' ]
,PhantomJS 1.9 (Linux) LOG: [ 'object', '$$postDigestQueue' ]
,PhantomJS 1.9 (Linux) LOG: [ 'object', '$$listeners' ]
,PhantomJS 1.9 (Linux) LOG: [ 'object', '$$listenerCount' ]
,PhantomJS 1.9 (Linux) LOG: [ 'object', '$$isolateBindings' ]
,PhantomJS 1.9 (Linux) LOG: [ 'object', 'selectedCollection' ]
,PhantomJS 1.9 (Linux) LOG: [ 'object', 'collection' ]
,PhantomJS 1.9 (Linux) LOG: [ 'Test1', 'Test2', 'Test3', 'Test4' ]
,PhantomJS 1.9 (Linux) LOG: [ 'Test1', 'Test2', 'Test3', 'Test4' ]
,PhantomJS 1.9 (Linux) LOG: [ 'Test1', 'Test2', 'Test3', 'Test4' ]
,PhantomJS 1.9 (Linux) LOG: [ 'Test1', 'Test2', 'Test3', 'Test4' ]
,PhantomJS 1.9 (Linux) LOG: [ 'Test1', 'Test2', 'Test3', 'Test4' ]
,PhantomJS 1.9 (Linux) LOG: [ 'Test1', 'Test2', 'Test3', 'Test4' ]
,PhantomJS 1.9 (Linux) LOG: [ 'Test1', 'Test2', 'Test3', 'Test4' ]
,PhantomJS 1.9 (Linux) LOG: [ 'Test1', 'Test2', 'Test3', 'Test4' ]
,PhantomJS 1.9 (Linux) LOG: [ 'string', '$id' ]
,PhantomJS 1.9 (Linux) LOG: [ 'object', '$$childTail' ]
,PhantomJS 1.9 (Linux) LOG: [ 'object', '$$childHead' ]
,PhantomJS 1.9 (Linux) LOG: [ 'object', '$$prevSibling' ]
,PhantomJS 1.9 (Linux) LOG: [ 'object', '$$nextSibling' ]
,PhantomJS 1.9 (Linux) LOG: [ 'object', '$$watchers' ]
,PhantomJS 1.9 (Linux) LOG: [ 'object', '$parent' ]
,PhantomJS 1.9 (Linux) LOG: [ 'object', '$$phase' ]
,PhantomJS 1.9 (Linux) LOG: [ 'object', '$root' ]
,PhantomJS 1.9 (Linux) LOG: [ 'object', 'this' ]
,PhantomJS 1.9 (Linux) LOG: [ 'boolean', '$$destroyed' ]
,PhantomJS 1.9 (Linux) LOG: [ 'object', '$$asyncQueue' ]
,PhantomJS 1.9 (Linux) LOG: [ 'object', '$$postDigestQueue' ]
,PhantomJS 1.9 (Linux) LOG: [ 'object', '$$listeners' ]
,PhantomJS 1.9 (Linux) LOG: [ 'object', '$$listenerCount' ]
,PhantomJS 1.9 (Linux) LOG: [ 'object', '$$isolateBindings' ]
,PhantomJS 1.9 (Linux) LOG: [ 'object', 'selectedCollection' ]
,PhantomJS 1.9 (Linux) LOG: [ 'object', 'collection' ]
,PhantomJS 1.9 (Linux) LOG: [ 'Test1', 'Test2', 'Test3', 'Test4' ]
,PhantomJS 1.9 (Linux) LOG: [ 'Test1', 'Test2', 'Test3', 'Test4' ]
,PhantomJS 1.9 (Linux) LOG: [ 'Test1', 'Test2', 'Test3', 'Test4' ]
,PhantomJS 1.9 (Linux) LOG: [ 'Test1', 'Test2', 'Test3', 'Test4' ]
,PhantomJS 1.9 (Linux) LOG: [ 'Test1', 'Test2', 'Test3', 'Test4' ]
,PhantomJS 1.9 (Linux) LOG: [ 'Test1', 'Test2', 'Test3', 'Test4' ]
,PhantomJS 1.9 (Linux) LOG: [ 'Test1', 'Test2', 'Test3', 'Test4' ]
,PhantomJS 1.9 (Linux) LOG: [ 'Test1', 'Test2', 'Test3', 'Test4' ]
,PhantomJS 1.9 (Linux) LOG: [ 'string', '$id' ]
,PhantomJS 1.9 (Linux) LOG: [ 'object', '$$childTail' ]
,PhantomJS 1.9 (Linux) LOG: [ 'object', '$$childHead' ]
,PhantomJS 1.9 (Linux) LOG: [ 'object', '$$prevSibling' ]
,PhantomJS 1.9 (Linux) LOG: [ 'object', '$$nextSibling' ]
,PhantomJS 1.9 (Linux) LOG: [ 'object', '$$watchers' ]
,PhantomJS 1.9 (Linux) LOG: [ 'object', '$parent' ]
,PhantomJS 1.9 (Linux) LOG: [ 'object', '$$phase' ]
,PhantomJS 1.9 (Linux) LOG: [ 'object', '$root' ]
,PhantomJS 1.9 (Linux) LOG: [ 'object', 'this' ]
,PhantomJS 1.9 (Linux) LOG: [ 'boolean', '$$destroyed' ]
,PhantomJS 1.9 (Linux) LOG: [ 'object', '$$asyncQueue' ]
,PhantomJS 1.9 (Linux) LOG: [ 'object', '$$postDigestQueue' ]
,PhantomJS 1.9 (Linux) LOG: [ 'object', '$$listeners' ]
,PhantomJS 1.9 (Linux) LOG: [ 'object', '$$listenerCount' ]
,PhantomJS 1.9 (Linux) LOG: [ 'object', '$$isolateBindings' ]
,PhantomJS 1.9 (Linux) LOG: [ 'object', 'selectedCollection' ]
,PhantomJS 1.9 (Linux) LOG: [ 'object', 'collection' ]
,PhantomJS 1.9 (Linux) LOG: [ 'Test1', 'Test2', 'Test3', 'Test4' ]
,PhantomJS 1.9 (Linux) LOG: [ 'Test1', 'Test2', 'Test3', 'Test4' ]
,PhantomJS 1.9 (Linux) LOG: [ 'Test1', 'Test2', 'Test3', 'Test4' ]
,PhantomJS 1.9 (Linux) LOG: [ 'Test1', 'Test2', 'Test3', 'Test4' ]
,PhantomJS 1.9 (Linux) LOG: [ 'Test1', 'Test2', 'Test3', 'Test4' ]
,PhantomJS 1.9 (Linux) LOG: [ 'Test1', 'Test2', 'Test3', 'Test4' ]
,PhantomJS 1.9 (Linux) LOG: [ 'Test1', 'Test2', 'Test3', 'Test4' ]
,PhantomJS 1.9 (Linux) LOG: [ 'Test1', 'Test2', 'Test3', 'Test4' ]
,PhantomJS 1.9 (Linux) LOG: [ 'string', '$id' ]
,PhantomJS 1.9 (Linux) LOG: [ 'object', '$$childTail' ]
,PhantomJS 1.9 (Linux) LOG: [ 'object', '$$childHead' ]
,PhantomJS 1.9 (Linux) LOG: [ 'object', '$$prevSibling' ]
,PhantomJS 1.9 (Linux) LOG: [ 'object', '$$nextSibling' ]
,PhantomJS 1.9 (Linux) LOG: [ 'object', '$$watchers' ]
,PhantomJS 1.9 (Linux) LOG: [ 'object', '$parent' ]
,PhantomJS 1.9 (Linux) LOG: [ 'object', '$$phase' ]
,PhantomJS 1.9 (Linux) LOG: [ 'object', '$root' ]
,PhantomJS 1.9 (Linux) LOG: [ 'object', 'this' ]
,PhantomJS 1.9 (Linux) LOG: [ 'boolean', '$$destroyed' ]
,PhantomJS 1.9 (Linux) LOG: [ 'object', '$$asyncQueue' ]
,PhantomJS 1.9 (Linux) LOG: [ 'object', '$$postDigestQueue' ]
,PhantomJS 1.9 (Linux) LOG: [ 'object', '$$listeners' ]
,PhantomJS 1.9 (Linux) LOG: [ 'object', '$$listenerCount' ]
,PhantomJS 1.9 (Linux) LOG: [ 'object', '$$isolateBindings' ]
,PhantomJS 1.9 (Linux) LOG: [ 'object', 'selectedCollection' ]
,PhantomJS 1.9 (Linux) LOG: [ 'object', 'collection' ]
,PhantomJS 1.9 (Linux) LOG: [ 'string', '$id' ]
,PhantomJS 1.9 (Linux) LOG: [ 'object', '$$childTail' ]
,PhantomJS 1.9 (Linux) LOG: [ 'object', '$$childHead' ]
,PhantomJS 1.9 (Linux) LOG: [ 'object', '$$prevSibling' ]
,PhantomJS 1.9 (Linux) LOG: [ 'object', '$$nextSibling' ]
,PhantomJS 1.9 (Linux) LOG: [ 'object', '$$watchers' ]
,PhantomJS 1.9 (Linux) LOG: [ 'object', '$parent' ]
,PhantomJS 1.9 (Linux) LOG: [ 'object', '$$phase' ]
,PhantomJS 1.9 (Linux) LOG: [ 'object', '$root' ]
,PhantomJS 1.9 (Linux) LOG: [ 'object', 'this' ]
,PhantomJS 1.9 (Linux) LOG: [ 'boolean', '$$destroyed' ]
,PhantomJS 1.9 (Linux) LOG: [ 'object', '$$asyncQueue' ]
,PhantomJS 1.9 (Linux) LOG: [ 'object', '$$postDigestQueue' ]
,PhantomJS 1.9 (Linux) LOG: [ 'object', '$$listeners' ]
,PhantomJS 1.9 (Linux) LOG: [ 'object', '$$listenerCount' ]
,PhantomJS 1.9 (Linux) LOG: [ 'object', '$$isolateBindings' ]
,PhantomJS 1.9 (Linux) LOG: [ 'object', 'selectedCollection' ]
,PhantomJS 1.9 (Linux) LOG: [ 'object', 'collection' ]
,PhantomJS 1.9 (Linux) LOG: [ 'string', '$id' ]
,PhantomJS 1.9 (Linux) LOG: [ 'object', '$$childTail' ]
,PhantomJS 1.9 (Linux) LOG: [ 'object', '$$childHead' ]
,PhantomJS 1.9 (Linux) LOG: [ 'object', '$$prevSibling' ]
,PhantomJS 1.9 (Linux) LOG: [ 'object', '$$nextSibling' ]
,PhantomJS 1.9 (Linux) LOG: [ 'object', '$$watchers' ]
,PhantomJS 1.9 (Linux) LOG: [ 'object', '$parent' ]
,PhantomJS 1.9 (Linux) LOG: [ 'object', '$$phase' ]
,PhantomJS 1.9 (Linux) LOG: [ 'object', '$root' ]
,PhantomJS 1.9 (Linux) LOG: [ 'object', 'this' ]
,PhantomJS 1.9 (Linux) LOG: [ 'boolean', '$$destroyed' ]
,PhantomJS 1.9 (Linux) LOG: [ 'object', '$$asyncQueue' ]
,PhantomJS 1.9 (Linux) LOG: [ 'object', '$$postDigestQueue' ]
,PhantomJS 1.9 (Linux) LOG: [ 'object', '$$listeners' ]
,PhantomJS 1.9 (Linux) LOG: [ 'object', '$$listenerCount' ]
,PhantomJS 1.9 (Linux) LOG: [ 'object', '$$isolateBindings' ]
,PhantomJS 1.9 (Linux) LOG: [ 'object', 'selectedCollection' ]
,PhantomJS 1.9 (Linux) LOG: [ 'object', 'collection' ]
,PhantomJS 1.9 (Linux) LOG: [ 'string', '$id' ]
,PhantomJS 1.9 (Linux) LOG: [ 'object', '$$childTail' ]
,PhantomJS 1.9 (Linux) LOG: [ 'object', '$$childHead' ]
,PhantomJS 1.9 (Linux) LOG: [ 'object', '$$prevSibling' ]
,PhantomJS 1.9 (Linux) LOG: [ 'object', '$$nextSibling' ]
,PhantomJS 1.9 (Linux) LOG: [ 'object', '$$watchers' ]
,PhantomJS 1.9 (Linux) LOG: [ 'object', '$parent' ]
,PhantomJS 1.9 (Linux) LOG: [ 'object', '$$phase' ]
,PhantomJS 1.9 (Linux) LOG: [ 'object', '$root' ]
,PhantomJS 1.9 (Linux) LOG: [ 'object', 'this' ]
,PhantomJS 1.9 (Linux) LOG: [ 'boolean', '$$destroyed' ]
,PhantomJS 1.9 (Linux) LOG: [ 'object', '$$asyncQueue' ]
,PhantomJS 1.9 (Linux) LOG: [ 'object', '$$postDigestQueue' ]
,PhantomJS 1.9 (Linux) LOG: [ 'object', '$$listeners' ]
,PhantomJS 1.9 (Linux) LOG: [ 'object', '$$listenerCount' ]
,PhantomJS 1.9 (Linux) LOG: [ 'object', '$$isolateBindings' ]
,PhantomJS 1.9 (Linux) LOG: [ 'object', 'selectedCollection' ]
,PhantomJS 1.9 (Linux) LOG: [ 'object', 'collection' ]
,PhantomJS 1.9 (Linux) LOG: [ 'string', '$id' ]
,PhantomJS 1.9 (Linux) LOG: [ 'object', '$$childTail' ]
,PhantomJS 1.9 (Linux) LOG: [ 'object', '$$childHead' ]
,PhantomJS 1.9 (Linux) LOG: [ 'object', '$$prevSibling' ]
,PhantomJS 1.9 (Linux) LOG: [ 'object', '$$nextSibling' ]
,PhantomJS 1.9 (Linux) LOG: [ 'object', '$$watchers' ]
,PhantomJS 1.9 (Linux) LOG: [ 'object', '$parent' ]
,PhantomJS 1.9 (Linux) LOG: [ 'object', '$$phase' ]
,PhantomJS 1.9 (Linux) LOG: [ 'object', '$root' ]
,PhantomJS 1.9 (Linux) LOG: [ 'object', 'this' ]
,PhantomJS 1.9 (Linux) LOG: [ 'boolean', '$$destroyed' ]
,PhantomJS 1.9 (Linux) LOG: [ 'object', '$$asyncQueue' ]
,PhantomJS 1.9 (Linux) LOG: [ 'object', '$$postDigestQueue' ]
,PhantomJS 1.9 (Linux) LOG: [ 'object', '$$listeners' ]
,PhantomJS 1.9 (Linux) LOG: [ 'object', '$$listenerCount' ]
,PhantomJS 1.9 (Linux) LOG: [ 'object', '$$isolateBindings' ]
,PhantomJS 1.9 (Linux) LOG: [ 'object', 'selectedCollection' ]
,PhantomJS 1.9 (Linux) LOG: [ 'object', 'collection' ]
,PhantomJS 1.9 (Linux) LOG: [ 'string', '$id' ]
,PhantomJS 1.9 (Linux) LOG: [ 'object', '$$childTail' ]
,PhantomJS 1.9 (Linux) LOG: [ 'object', '$$childHead' ]
,PhantomJS 1.9 (Linux) LOG: [ 'object', '$$prevSibling' ]
,PhantomJS 1.9 (Linux) LOG: [ 'object', '$$nextSibling' ]
,PhantomJS 1.9 (Linux) LOG: [ 'object', '$$watchers' ]
,PhantomJS 1.9 (Linux) LOG: [ 'object', '$parent' ]
,PhantomJS 1.9 (Linux) LOG: [ 'object', '$$phase' ]
,PhantomJS 1.9 (Linux) LOG: [ 'object', '$root' ]
,PhantomJS 1.9 (Linux) LOG: [ 'object', 'this' ]
,PhantomJS 1.9 (Linux) LOG: [ 'boolean', '$$destroyed' ]
,PhantomJS 1.9 (Linux) LOG: [ 'object', '$$asyncQueue' ]
,PhantomJS 1.9 (Linux) LOG: [ 'object', '$$postDigestQueue' ]
,PhantomJS 1.9 (Linux) LOG: [ 'object', '$$listeners' ]
,PhantomJS 1.9 (Linux) LOG: [ 'object', '$$listenerCount' ]
,PhantomJS 1.9 (Linux) LOG: [ 'object', '$$isolateBindings' ]
,PhantomJS 1.9 (Linux) LOG: [ 'object', 'selectedCollection' ]
,PhantomJS 1.9 (Linux) LOG: [ 'object', 'collection' ]
,PhantomJS 1.9 (Linux) LOG: [ 'string', '$id' ]
,PhantomJS 1.9 (Linux) LOG: [ 'object', '$$childTail' ]
,PhantomJS 1.9 (Linux) LOG: [ 'object', '$$childHead' ]
,PhantomJS 1.9 (Linux) LOG: [ 'object', '$$prevSibling' ]
,PhantomJS 1.9 (Linux) LOG: [ 'object', '$$nextSibling' ]
,PhantomJS 1.9 (Linux) LOG: [ 'object', '$$watchers' ]
,PhantomJS 1.9 (Linux) LOG: [ 'object', '$parent' ]
,PhantomJS 1.9 (Linux) LOG: [ 'object', '$$phase' ]
,PhantomJS 1.9 (Linux) LOG: [ 'object', '$root' ]
,PhantomJS 1.9 (Linux) LOG: [ 'object', 'this' ]
,PhantomJS 1.9 (Linux) LOG: [ 'boolean', '$$destroyed' ]
,PhantomJS 1.9 (Linux) LOG: [ 'object', '$$asyncQueue' ]
,PhantomJS 1.9 (Linux) LOG: [ 'object', '$$postDigestQueue' ]
,PhantomJS 1.9 (Linux) LOG: [ 'object', '$$listeners' ]
,PhantomJS 1.9 (Linux) LOG: [ 'object', '$$listenerCount' ]
,PhantomJS 1.9 (Linux) LOG: [ 'object', '$$isolateBindings' ]
,PhantomJS 1.9 (Linux) LOG: [ 'object', 'selectedCollection' ]
,PhantomJS 1.9 (Linux) LOG: [ 'object', 'collection' ]
,PhantomJS 1.9 (Linux) LOG: '<!-- ngRepeat: item in list --><li ng-repeat="item in list" selection="listSelected" class="ng-scope"><a ng-class="{\'selected\':$selected}" class="ng-binding">Test1</a></li><!-- end ngRepeat: item in list --><li ng-repeat="item in list" selection="listSelected" class="ng-scope"><a ng-class="{\'selected\':$selected}" class="ng-binding">Test2</a></li><!-- end ngRepeat: item in list --><li ng-repeat="item in list" selection="listSelected" class="ng-scope"><a ng-class="{\'selected\':$selected}" class="ng-binding">Test3</a></li><!-- end ngRepeat: item in list --><li ng-repeat="item in list" selection="listSelected" class="ng-scope"><a ng-class="{\'selected\':$selected}" class="ng-binding">Test4</a></li><!-- end ngRepeat: item in list -->'
,PhantomJS 1.9 (Linux) ERROR
	SyntaxError: Parse error
	at /home/IOCEANNT/lmeunier/Travail/AngularJS/selection/test/mock/selectionMock.js:11
,PhantomJS 1.9 (Linux) ERROR
	SyntaxError: Parse error
	at /home/IOCEANNT/lmeunier/Travail/AngularJS/selection/test/mock/selectionMock.js:11
,PhantomJS 1.9 (Linux) ERROR
	SyntaxError: Parse error
	at /home/IOCEANNT/lmeunier/Travail/AngularJS/selection/test/mock/selectionMock.js:11
,PhantomJS 1.9 (Linux) ERROR
	SyntaxError: Parse error
	at /home/IOCEANNT/lmeunier/Travail/AngularJS/selection/test/mock/selectionMock.js:11
,PhantomJS 1.9 (Linux) ERROR
	SyntaxError: Parse error
	at /home/IOCEANNT/lmeunier/Travail/AngularJS/selection/test/mock/selectionMock.js:11
,PhantomJS 1.9 (Linux) LOG: {}
,PhantomJS 1.9 (Linux) LOG: null
,PhantomJS 1.9 (Linux) LOG: null
,PhantomJS 1.9 (Linux) LOG: [ '$id', 'string' ]
,PhantomJS 1.9 (Linux) LOG: [ 'this', 'object' ]
,PhantomJS 1.9 (Linux) LOG: [ '$$listeners', 'object' ]
,PhantomJS 1.9 (Linux) LOG: [ '$$listenerCount', 'object' ]
,PhantomJS 1.9 (Linux) LOG: [ '$parent', 'object' ]
,PhantomJS 1.9 (Linux) LOG: [ '$$childTail', 'object' ]
,PhantomJS 1.9 (Linux) LOG: [ '$$childHead', 'object' ]
,PhantomJS 1.9 (Linux) LOG: [ '$$nextSibling', 'object' ]
,PhantomJS 1.9 (Linux) LOG: [ '$$watchers', 'object' ]
,PhantomJS 1.9 (Linux) LOG: [ '$$prevSibling', 'object' ]
,PhantomJS 1.9 (Linux) LOG: [ 'item', 'string' ]
,PhantomJS 1.9 (Linux) LOG: [ '$index', 'number' ]
,PhantomJS 1.9 (Linux) LOG: [ '$first', 'boolean' ]
,PhantomJS 1.9 (Linux) LOG: [ '$last', 'boolean' ]
,PhantomJS 1.9 (Linux) LOG: [ '$middle', 'boolean' ]
,PhantomJS 1.9 (Linux) LOG: [ '$even', 'boolean' ]
,PhantomJS 1.9 (Linux) LOG: [ '$odd', 'boolean' ]
,PhantomJS 1.9 (Linux) LOG: [ '$id', 'string' ]
,PhantomJS 1.9 (Linux) LOG: [ '$$childTail', 'object' ]
,PhantomJS 1.9 (Linux) LOG: [ '$$childHead', 'object' ]
,PhantomJS 1.9 (Linux) LOG: [ '$$prevSibling', 'object' ]
,PhantomJS 1.9 (Linux) LOG: [ '$$nextSibling', 'object' ]
,PhantomJS 1.9 (Linux) LOG: [ '$$watchers', 'object' ]
,PhantomJS 1.9 (Linux) LOG: [ '$parent', 'object' ]
,PhantomJS 1.9 (Linux) LOG: [ '$$phase', 'object' ]
,PhantomJS 1.9 (Linux) LOG: [ '$root', 'object' ]
,PhantomJS 1.9 (Linux) LOG: [ 'this', 'object' ]
,PhantomJS 1.9 (Linux) LOG: [ '$$destroyed', 'boolean' ]
,PhantomJS 1.9 (Linux) LOG: [ '$$asyncQueue', 'object' ]
,PhantomJS 1.9 (Linux) LOG: [ '$$postDigestQueue', 'object' ]
,PhantomJS 1.9 (Linux) LOG: [ '$$listeners', 'object' ]
,PhantomJS 1.9 (Linux) LOG: [ '$$listenerCount', 'object' ]
,PhantomJS 1.9 (Linux) LOG: [ '$$isolateBindings', 'object' ]
,PhantomJS 1.9 (Linux) LOG: [ 'list', 'object' ]
,PhantomJS 1.9 (Linux) LOG: [ 'listSelected', 'object' ]
,PhantomJS 1.9 (Linux) LOG: [ '$id', 'string' ]
,PhantomJS 1.9 (Linux) LOG: [ 'this', 'object' ]
,PhantomJS 1.9 (Linux) LOG: [ '$$listeners', 'object' ]
,PhantomJS 1.9 (Linux) LOG: [ '$$listenerCount', 'object' ]
,PhantomJS 1.9 (Linux) LOG: [ '$parent', 'object' ]
,PhantomJS 1.9 (Linux) LOG: [ '$$childTail', 'object' ]
,PhantomJS 1.9 (Linux) LOG: [ '$$childHead', 'object' ]
,PhantomJS 1.9 (Linux) LOG: [ '$$nextSibling', 'object' ]
,PhantomJS 1.9 (Linux) LOG: [ '$$watchers', 'object' ]
,PhantomJS 1.9 (Linux) LOG: [ '$$prevSibling', 'object' ]
,PhantomJS 1.9 (Linux) LOG: [ 'item', 'string' ]
,PhantomJS 1.9 (Linux) LOG: [ '$index', 'number' ]
,PhantomJS 1.9 (Linux) LOG: [ '$first', 'boolean' ]
,PhantomJS 1.9 (Linux) LOG: [ '$last', 'boolean' ]
,PhantomJS 1.9 (Linux) LOG: [ '$middle', 'boolean' ]
,PhantomJS 1.9 (Linux) LOG: [ '$even', 'boolean' ]
,PhantomJS 1.9 (Linux) LOG: [ '$odd', 'boolean' ]
,PhantomJS 1.9 (Linux) LOG: [ '$id', 'string' ]
,PhantomJS 1.9 (Linux) LOG: [ '$$childTail', 'object' ]
,PhantomJS 1.9 (Linux) LOG: [ '$$childHead', 'object' ]
,PhantomJS 1.9 (Linux) LOG: [ '$$prevSibling', 'object' ]
,PhantomJS 1.9 (Linux) LOG: [ '$$nextSibling', 'object' ]
,PhantomJS 1.9 (Linux) LOG: [ '$$watchers', 'object' ]
,PhantomJS 1.9 (Linux) LOG: [ '$parent', 'object' ]
,PhantomJS 1.9 (Linux) LOG: [ '$$phase', 'object' ]
,PhantomJS 1.9 (Linux) LOG: [ '$root', 'object' ]
,PhantomJS 1.9 (Linux) LOG: [ 'this', 'object' ]
,PhantomJS 1.9 (Linux) LOG: [ '$$destroyed', 'boolean' ]
,PhantomJS 1.9 (Linux) LOG: [ '$$asyncQueue', 'object' ]
,PhantomJS 1.9 (Linux) LOG: [ '$$postDigestQueue', 'object' ]
,PhantomJS 1.9 (Linux) LOG: [ '$$listeners', 'object' ]
,PhantomJS 1.9 (Linux) LOG: [ '$$listenerCount', 'object' ]
,PhantomJS 1.9 (Linux) LOG: [ '$$isolateBindings', 'object' ]
,PhantomJS 1.9 (Linux) LOG: [ 'list', 'object' ]
,PhantomJS 1.9 (Linux) LOG: [ 'listSelected', 'object' ]
,PhantomJS 1.9 (Linux) LOG: [ '$id', 'string' ]
,PhantomJS 1.9 (Linux) LOG: [ 'this', 'object' ]
,PhantomJS 1.9 (Linux) LOG: [ '$$listeners', 'object' ]
,PhantomJS 1.9 (Linux) LOG: [ '$$listenerCount', 'object' ]
,PhantomJS 1.9 (Linux) LOG: [ '$parent', 'object' ]
,PhantomJS 1.9 (Linux) LOG: [ '$$childTail', 'object' ]
,PhantomJS 1.9 (Linux) LOG: [ '$$childHead', 'object' ]
,PhantomJS 1.9 (Linux) LOG: [ '$$nextSibling', 'object' ]
,PhantomJS 1.9 (Linux) LOG: [ '$$watchers', 'object' ]
,PhantomJS 1.9 (Linux) LOG: [ '$$prevSibling', 'object' ]
,PhantomJS 1.9 (Linux) LOG: [ 'item', 'string' ]
,PhantomJS 1.9 (Linux) LOG: [ '$index', 'number' ]
,PhantomJS 1.9 (Linux) LOG: [ '$first', 'boolean' ]
,PhantomJS 1.9 (Linux) LOG: [ '$last', 'boolean' ]
,PhantomJS 1.9 (Linux) LOG: [ '$middle', 'boolean' ]
,PhantomJS 1.9 (Linux) LOG: [ '$even', 'boolean' ]
,PhantomJS 1.9 (Linux) LOG: [ '$odd', 'boolean' ]
,PhantomJS 1.9 (Linux) ERROR
	SyntaxError: Parse error
	at /home/IOCEANNT/lmeunier/Travail/AngularJS/selection/test/mock/selectionMock.js:10
,PhantomJS 1.9 (Linux) LOG: [ '$id', 'string' ]
,PhantomJS 1.9 (Linux) LOG: [ '$$childTail', 'object' ]
,PhantomJS 1.9 (Linux) LOG: [ '$$childHead', 'object' ]
,PhantomJS 1.9 (Linux) LOG: [ '$$prevSibling', 'object' ]
,PhantomJS 1.9 (Linux) LOG: [ '$$nextSibling', 'object' ]
,PhantomJS 1.9 (Linux) LOG: [ '$$watchers', 'object' ]
,PhantomJS 1.9 (Linux) LOG: [ '$parent', 'object' ]
,PhantomJS 1.9 (Linux) LOG: [ '$$phase', 'object' ]
,PhantomJS 1.9 (Linux) LOG: [ '$root', 'object' ]
,PhantomJS 1.9 (Linux) LOG: [ 'this', 'object' ]
,PhantomJS 1.9 (Linux) LOG: [ '$$destroyed', 'boolean' ]
,PhantomJS 1.9 (Linux) LOG: [ '$$asyncQueue', 'object' ]
,PhantomJS 1.9 (Linux) LOG: [ '$$postDigestQueue', 'object' ]
,PhantomJS 1.9 (Linux) LOG: [ '$$listeners', 'object' ]
,PhantomJS 1.9 (Linux) LOG: [ '$$listenerCount', 'object' ]
,PhantomJS 1.9 (Linux) LOG: [ '$$isolateBindings', 'object' ]
,PhantomJS 1.9 (Linux) LOG: [ 'selectedCollection', 'object' ]
,PhantomJS 1.9 (Linux) LOG: [ 'collection', 'object' ]
,PhantomJS 1.9 (Linux) LOG: [ '$id', 'string' ]
,PhantomJS 1.9 (Linux) LOG: [ '$$childTail', 'object' ]
,PhantomJS 1.9 (Linux) LOG: [ '$$childHead', 'object' ]
,PhantomJS 1.9 (Linux) LOG: [ '$$prevSibling', 'object' ]
,PhantomJS 1.9 (Linux) LOG: [ '$$nextSibling', 'object' ]
,PhantomJS 1.9 (Linux) LOG: [ '$$watchers', 'object' ]
,PhantomJS 1.9 (Linux) LOG: [ '$parent', 'object' ]
,PhantomJS 1.9 (Linux) LOG: [ '$$phase', 'object' ]
,PhantomJS 1.9 (Linux) LOG: [ '$root', 'object' ]
,PhantomJS 1.9 (Linux) LOG: [ 'this', 'object' ]
,PhantomJS 1.9 (Linux) LOG: [ '$$destroyed', 'boolean' ]
,PhantomJS 1.9 (Linux) LOG: [ '$$asyncQueue', 'object' ]
,PhantomJS 1.9 (Linux) LOG: [ '$$postDigestQueue', 'object' ]
,PhantomJS 1.9 (Linux) LOG: [ '$$listeners', 'object' ]
,PhantomJS 1.9 (Linux) LOG: [ '$$listenerCount', 'object' ]
,PhantomJS 1.9 (Linux) LOG: [ '$$isolateBindings', 'object' ]
,PhantomJS 1.9 (Linux) LOG: [ 'selectedCollection', 'object' ]
,PhantomJS 1.9 (Linux) LOG: [ 'collection', 'object' ]
,PhantomJS 1.9 (Linux) LOG: [ 'Test1', 'Test2', 'Test3', 'Test4' ]
,PhantomJS 1.9 (Linux) LOG: [ 'Test1', 'Test2', 'Test3', 'Test4' ]
,PhantomJS 1.9 (Linux) LOG: [ 'Test1', 'Test2', 'Test3', 'Test4' ]

]]></system-out>
    <system-err/>
  </testsuite>
</testsuites>
