TN:
SF:/home/IOCEANNT/lmeunier/Travail/AngularJS/selection/src/application.js
DA:1,1
end_of_record
TN:
SF:/home/IOCEANNT/lmeunier/Travail/AngularJS/selection/src/selection.js
FN:3,(anonymous_1)
FN:10,(anonymous_2)
FN:25,(anonymous_3)
FN:32,(anonymous_4)
FN:42,(anonymous_5)
FN:46,(anonymous_6)
FN:51,initCollection
FN:60,initSelectedCollection
FN:74,initEvent
FN:76,(anonymous_10)
FN:78,(anonymous_11)
FN:96,destroyEvent
FN:100,updateScopeItem
FN:102,(anonymous_14)
FN:123,inSelectedCollection
FN:128,(anonymous_16)
FN:132,(anonymous_17)
FN:144,(anonymous_18)
FN:149,(anonymous_19)
FN:158,(anonymous_20)
FN:167,onClick
FN:171,update
FN:187,(anonymous_23)
FN:202,(anonymous_24)
FN:222,updateItem
FN:229,itemValide
FNDA:3,(anonymous_1)
FNDA:3,(anonymous_2)
FNDA:9,(anonymous_3)
FNDA:6,(anonymous_4)
FNDA:3,(anonymous_5)
FNDA:6,(anonymous_6)
FNDA:3,initCollection
FNDA:6,initSelectedCollection
FNDA:3,initEvent
FNDA:0,(anonymous_10)
FNDA:0,(anonymous_11)
FNDA:3,destroyEvent
FNDA:0,updateScopeItem
FNDA:0,(anonymous_14)
FNDA:0,inSelectedCollection
FNDA:0,(anonymous_16)
FNDA:0,(anonymous_17)
FNDA:0,(anonymous_18)
FNDA:0,(anonymous_19)
FNDA:0,(anonymous_20)
FNDA:0,onClick
FNDA:0,update
FNDA:0,(anonymous_23)
FNDA:0,(anonymous_24)
FNDA:0,updateItem
FNDA:0,itemValide
DA:1,1
DA:3,1
DA:4,3
DA:11,3
DA:12,3
DA:13,3
DA:18,3
DA:19,0
DA:22,3
DA:23,3
DA:25,3
DA:26,9
DA:27,6
DA:29,3
DA:32,3
DA:33,6
DA:34,3
DA:36,3
DA:42,3
DA:43,3
DA:46,3
DA:47,6
DA:51,3
DA:52,3
DA:54,3
DA:55,0
DA:56,3
DA:57,0
DA:60,3
DA:61,6
DA:63,6
DA:64,3
DA:65,3
DA:66,0
DA:68,6
DA:70,0
DA:74,3
DA:75,3
DA:76,3
DA:77,0
DA:78,0
DA:79,0
DA:80,0
DA:82,0
DA:96,3
DA:100,3
DA:101,0
DA:102,0
DA:103,0
DA:123,3
DA:124,0
DA:125,0
DA:128,3
DA:129,0
DA:131,0
DA:132,0
DA:133,0
DA:134,0
DA:137,0
DA:144,1
DA:145,0
DA:150,0
DA:152,0
DA:158,0
DA:159,0
DA:160,0
DA:161,0
DA:162,0
DA:163,0
DA:164,0
DA:167,0
DA:168,0
DA:171,0
DA:173,0
DA:178,0
DA:179,0
DA:180,0
DA:181,0
DA:182,0
DA:185,0
DA:187,0
DA:188,0
DA:189,0
DA:193,0
DA:194,0
DA:195,0
DA:196,0
DA:197,0
DA:198,0
DA:199,0
DA:202,0
DA:204,0
DA:205,0
DA:207,0
DA:211,0
DA:213,0
DA:219,0
DA:222,0
DA:223,0
DA:224,0
DA:225,0
DA:229,0
DA:230,0
DA:231,0
DA:232,0
DA:233,0
DA:235,0
DA:242,0
BRDA:18,1,0,0
BRDA:18,1,1,3
BRDA:26,2,0,6
BRDA:26,2,1,3
BRDA:26,3,0,9
BRDA:26,3,1,6
BRDA:33,4,0,3
BRDA:33,4,1,3
BRDA:54,5,0,0
BRDA:54,5,1,3
BRDA:56,6,0,0
BRDA:56,6,1,3
BRDA:63,7,0,3
BRDA:63,7,1,3
BRDA:65,8,0,0
BRDA:65,8,1,3
BRDA:68,9,0,0
BRDA:68,9,1,6
BRDA:79,10,0,0
BRDA:79,10,1,0
BRDA:103,11,0,0
BRDA:103,11,1,0
BRDA:131,12,0,0
BRDA:131,12,1,0
BRDA:150,13,0,0
BRDA:150,13,1,0
BRDA:160,14,0,0
BRDA:160,14,1,0
BRDA:161,15,0,0
BRDA:161,15,1,0
BRDA:175,16,0,0
BRDA:175,16,1,0
BRDA:179,17,0,0
BRDA:179,17,1,0
BRDA:181,18,0,0
BRDA:181,18,1,0
BRDA:185,19,0,0
BRDA:185,19,1,0
BRDA:185,20,0,0
BRDA:185,20,1,0
BRDA:195,21,0,0
BRDA:195,21,1,0
BRDA:196,22,0,0
BRDA:196,22,1,0
BRDA:198,23,0,0
BRDA:198,23,1,0
BRDA:198,24,0,0
BRDA:198,24,1,0
BRDA:204,25,0,0
BRDA:204,25,1,0
BRDA:204,26,0,0
BRDA:204,26,1,0
BRDA:207,27,0,0
BRDA:207,27,1,0
BRDA:208,28,0,0
BRDA:208,28,1,0
BRDA:208,28,2,0
BRDA:208,28,3,0
BRDA:208,28,4,0
BRDA:208,28,5,0
BRDA:223,29,0,0
BRDA:223,29,1,0
BRDA:232,30,0,0
BRDA:232,30,1,0
end_of_record
