TN:
SF:/home/IOCEANNT/lmeunier/Travail/AngularJS/selection/src/selection.js
FN:3,(anonymous_1)
FN:9,(anonymous_2)
FN:37,inSelectedCollection
FN:45,(anonymous_4)
FN:48,(anonymous_5)
FN:51,(anonymous_6)
FN:54,(anonymous_7)
FN:57,(anonymous_8)
FN:60,(anonymous_9)
FN:65,(anonymous_10)
FN:68,(anonymous_11)
FN:80,(anonymous_12)
FN:85,(anonymous_13)
FN:94,(anonymous_14)
FN:103,onClick
FN:107,update
FN:123,(anonymous_17)
FN:138,(anonymous_18)
FN:158,updateItem
FN:165,itemValide
FNDA:0,(anonymous_1)
FNDA:0,(anonymous_2)
FNDA:0,inSelectedCollection
FNDA:0,(anonymous_4)
FNDA:0,(anonymous_5)
FNDA:0,(anonymous_6)
FNDA:0,(anonymous_7)
FNDA:0,(anonymous_8)
FNDA:0,(anonymous_9)
FNDA:0,(anonymous_10)
FNDA:0,(anonymous_11)
FNDA:0,(anonymous_12)
FNDA:0,(anonymous_13)
FNDA:0,(anonymous_14)
FNDA:0,onClick
FNDA:0,update
FNDA:0,(anonymous_17)
FNDA:0,(anonymous_18)
FNDA:0,updateItem
FNDA:0,itemValide
DA:1,1
DA:3,1
DA:4,0
DA:10,0
DA:11,0
DA:16,0
DA:17,0
DA:20,0
DA:21,0
DA:22,0
DA:37,0
DA:38,0
DA:40,0
DA:41,0
DA:42,0
DA:45,0
DA:46,0
DA:48,0
DA:49,0
DA:51,0
DA:52,0
DA:54,0
DA:55,0
DA:57,0
DA:58,0
DA:60,0
DA:61,0
DA:65,0
DA:66,0
DA:67,0
DA:68,0
DA:69,0
DA:70,0
DA:73,0
DA:80,1
DA:81,0
DA:86,0
DA:88,0
DA:94,0
DA:95,0
DA:96,0
DA:97,0
DA:98,0
DA:99,0
DA:100,0
DA:103,0
DA:104,0
DA:107,0
DA:109,0
DA:114,0
DA:115,0
DA:116,0
DA:117,0
DA:118,0
DA:121,0
DA:123,0
DA:124,0
DA:125,0
DA:129,0
DA:130,0
DA:131,0
DA:132,0
DA:133,0
DA:134,0
DA:135,0
DA:138,0
DA:140,0
DA:141,0
DA:143,0
DA:147,0
DA:149,0
DA:155,0
DA:158,0
DA:159,0
DA:160,0
DA:161,0
DA:165,0
DA:166,0
DA:167,0
DA:168,0
DA:169,0
DA:171,0
DA:178,0
BRDA:16,1,0,0
BRDA:16,1,1,0
BRDA:41,2,0,0
BRDA:41,2,1,0
BRDA:67,3,0,0
BRDA:67,3,1,0
BRDA:86,4,0,0
BRDA:86,4,1,0
BRDA:96,5,0,0
BRDA:96,5,1,0
BRDA:97,6,0,0
BRDA:97,6,1,0
BRDA:111,7,0,0
BRDA:111,7,1,0
BRDA:115,8,0,0
BRDA:115,8,1,0
BRDA:117,9,0,0
BRDA:117,9,1,0
BRDA:121,10,0,0
BRDA:121,10,1,0
BRDA:121,11,0,0
BRDA:121,11,1,0
BRDA:131,12,0,0
BRDA:131,12,1,0
BRDA:132,13,0,0
BRDA:132,13,1,0
BRDA:134,14,0,0
BRDA:134,14,1,0
BRDA:134,15,0,0
BRDA:134,15,1,0
BRDA:140,16,0,0
BRDA:140,16,1,0
BRDA:140,17,0,0
BRDA:140,17,1,0
BRDA:143,18,0,0
BRDA:143,18,1,0
BRDA:144,19,0,0
BRDA:144,19,1,0
BRDA:144,19,2,0
BRDA:144,19,3,0
BRDA:144,19,4,0
BRDA:144,19,5,0
BRDA:159,20,0,0
BRDA:159,20,1,0
BRDA:168,21,0,0
BRDA:168,21,1,0
end_of_record
